<?xml version="1.0" encoding="UTF-8"?>
<!-- Generated by org.testng.reporters.JUnitXMLReporter -->
<testsuite hostname="ip-172-31-5-17" ignored="0" name="Test" tests="1" failures="1" timestamp="2021-02-22T06:22:39 UTC" time="5.017" errors="0">
  <testcase name="testcase1" time="3.363" classname="test.LoginTest">
    <failure type="java.lang.AssertionError" message="expected [The email or password you have entered is invalid] but found [The email or password you have entered is invalid.]">
      <![CDATA[java.lang.AssertionError: expected [The email or password you have entered is invalid] but found [The email or password you have entered is invalid.]
at test.LoginTest.testcase1(LoginTest.java:50)
at java.util.ArrayList.forEach(ArrayList.java:1259)
... Removed 33 stack frames]]>
    </failure>
  </testcase> <!-- testcase1 -->
</testsuite> <!-- Test -->
